<?xml version="1.0" encoding="UTF-8"?>
<!-- Generated by org.testng.reporters.JUnitXMLReporter -->
<testsuite ignored="0" hostname="LAPTOP-P0E5GDS2" failures="1" tests="4" name="Test" time="105.385" errors="0" timestamp="2022-12-13T15:47:31 IST">
  <testcase classname="org.practice.FetchproductPrice" name="fetchPriceAmazon" time="17.527">
    <skipped/>
  </testcase> <!-- fetchPriceAmazon -->
  <testcase classname="org.practice.FetchproductPrice" name="fetchPriceAmazon" time="23.992">
    <skipped/>
  </testcase> <!-- fetchPriceAmazon -->
  <testcase classname="org.practice.FetchproductPrice" name="fetchPriceAmazon" time="20.714">
    <failure type="org.openqa.selenium.NoSuchElementException" message="no such element: Unable to locate element: {&amp;quot;method&amp;quot;:&amp;quot;xpath&amp;quot;,&amp;quot;selector&amp;quot;:&amp;quot;//span[contains(text(),&amp;apos;Redmi Note 11 (Space Black, 6GB RAM, 128GB Storage)|90Hz FHD+ AMOLED Display | Qualcomm® Snapdragon™ 680-6nm | 33W Charger Included | Get 2 Months of YouTube Premium Free!&amp;apos;)]/ancestor::div[@class=&amp;apos;a-section a-spacing-small a-spacing-top-small&amp;apos;]/descendant::span[@class=&amp;apos;a-price-whole&amp;apos;]&amp;quot;}
  (Session info: chrome=108.0.5359.99)
For documentation on this error, please visit: https://www.seleniumhq.org/exceptions/no_such_element.html
Build info: version: &amp;apos;3.141.59&amp;apos;, revision: &amp;apos;e82be7d358&amp;apos;, time: &amp;apos;2018-11-14T08:17:03&amp;apos;
System info: host: &amp;apos;LAPTOP-P0E5GDS2&amp;apos;, ip: &amp;apos;192.168.103.210&amp;apos;, os.name: &amp;apos;Windows 11&amp;apos;, os.arch: &amp;apos;amd64&amp;apos;, os.version: &amp;apos;10.0&amp;apos;, java.version: &amp;apos;17.0.4&amp;apos;
Driver info: org.openqa.selenium.chrome.ChromeDriver
Capabilities {acceptInsecureCerts: false, browserName: chrome, browserVersion: 108.0.5359.99, chrome: {chromedriverVersion: 108.0.5359.71 (1e0e3868ee06..., userDataDir: C:\Users\danie\AppData\Loca...}, goog:chromeOptions: {debuggerAddress: localhost:54026}, javascriptEnabled: true, networkConnectionEnabled: false, pageLoadStrategy: normal, platform: WINDOWS, platformName: WINDOWS, proxy: Proxy(), setWindowRect: true, strictFileInteractability: false, timeouts: {implicit: 0, pageLoad: 300000, script: 30000}, unhandledPromptBehavior: dismiss and notify, webauthn:extension:credBlob: true, webauthn:extension:largeBlob: true, webauthn:virtualAuthenticators: true}
Session ID: c9856157066f00ea608c81d4e0721a9b
*** Element info: {Using=xpath, value=//span[contains(text(),&amp;apos;Redmi Note 11 (Space Black, 6GB RAM, 128GB Storage)|90Hz FHD+ AMOLED Display | Qualcomm® Snapdragon™ 680-6nm | 33W Charger Included | Get 2 Months of YouTube Premium Free!&amp;apos;)]/ancestor::div[@class=&amp;apos;a-section a-spacing-small a-spacing-top-small&amp;apos;]/descendant::span[@class=&amp;apos;a-price-whole&amp;apos;]}">
      <![CDATA[org.openqa.selenium.NoSuchElementException: no such element: Unable to locate element: {"method":"xpath","selector":"//span[contains(text(),'Redmi Note 11 (Space Black, 6GB RAM, 128GB Storage)|90Hz FHD+ AMOLED Display | Qualcomm® Snapdragon™ 680-6nm | 33W Charger Included | Get 2 Months of YouTube Premium Free!')]/ancestor::div[@class='a-section a-spacing-small a-spacing-top-small']/descendant::span[@class='a-price-whole']"}
  (Session info: chrome=108.0.5359.99)
For documentation on this error, please visit: https://www.seleniumhq.org/exceptions/no_such_element.html
Build info: version: '3.141.59', revision: 'e82be7d358', time: '2018-11-14T08:17:03'
System info: host: 'LAPTOP-P0E5GDS2', ip: '192.168.103.210', os.name: 'Windows 11', os.arch: 'amd64', os.version: '10.0', java.version: '17.0.4'
Driver info: org.openqa.selenium.chrome.ChromeDriver
Capabilities {acceptInsecureCerts: false, browserName: chrome, browserVersion: 108.0.5359.99, chrome: {chromedriverVersion: 108.0.5359.71 (1e0e3868ee06..., userDataDir: C:\Users\danie\AppData\Loca...}, goog:chromeOptions: {debuggerAddress: localhost:54026}, javascriptEnabled: true, networkConnectionEnabled: false, pageLoadStrategy: normal, platform: WINDOWS, platformName: WINDOWS, proxy: Proxy(), setWindowRect: true, strictFileInteractability: false, timeouts: {implicit: 0, pageLoad: 300000, script: 30000}, unhandledPromptBehavior: dismiss and notify, webauthn:extension:credBlob: true, webauthn:extension:largeBlob: true, webauthn:virtualAuthenticators: true}
Session ID: c9856157066f00ea608c81d4e0721a9b
*** Element info: {Using=xpath, value=//span[contains(text(),'Redmi Note 11 (Space Black, 6GB RAM, 128GB Storage)|90Hz FHD+ AMOLED Display | Qualcomm® Snapdragon™ 680-6nm | 33W Charger Included | Get 2 Months of YouTube Premium Free!')]/ancestor::div[@class='a-section a-spacing-small a-spacing-top-small']/descendant::span[@class='a-price-whole']}
at org.openqa.selenium.remote.http.W3CHttpResponseCodec.createException(W3CHttpResponseCodec.java:187)
at org.openqa.selenium.remote.http.W3CHttpResponseCodec.decode(W3CHttpResponseCodec.java:122)
at org.openqa.selenium.remote.http.W3CHttpResponseCodec.decode(W3CHttpResponseCodec.java:49)
at org.openqa.selenium.remote.HttpCommandExecutor.execute(HttpCommandExecutor.java:158)
at org.openqa.selenium.remote.service.DriverCommandExecutor.execute(DriverCommandExecutor.java:83)
at org.openqa.selenium.remote.RemoteWebDriver.execute(RemoteWebDriver.java:552)
at org.openqa.selenium.remote.RemoteWebDriver.findElement(RemoteWebDriver.java:323)
at org.openqa.selenium.remote.RemoteWebDriver.findElementByXPath(RemoteWebDriver.java:428)
at org.openqa.selenium.By$ByXPath.findElement(By.java:353)
at org.openqa.selenium.remote.RemoteWebDriver.findElement(RemoteWebDriver.java:315)
at org.practice.FetchproductPrice.fetchPriceAmazon(FetchproductPrice.java:37)
at java.base/java.util.ArrayList.forEach(ArrayList.java:1511)
... Removed 32 stack frames]]>
    </failure>
  </testcase> <!-- fetchPriceAmazon -->
  <testcase classname="org.practice.FlipkartProductsPriceTests" name="fetchProductWithPrice" time="42.005"/>
</testsuite> <!-- Test -->
