<?xml version="1.0" encoding="UTF-8"?>
<testng-results ignored="0" total="1" passed="1" failed="0" skipped="0">
  <reporter-output>
  </reporter-output>
  <suite started-at="2022-12-16T09:39:57 IST" name="Default suite" finished-at="2022-12-16T09:40:05 IST" duration-ms="7403">
    <groups>
    </groups>
    <test started-at="2022-12-16T09:39:57 IST" name="Default test" finished-at="2022-12-16T09:40:05 IST" duration-ms="7403">
      <class name="com.hrm.hrOfficer.HrOfficerAddEmployee">
        <test-method is-config="true" signature="launchBrowser()[pri:0, instance:com.hrm.hrOfficer.HrOfficerAddEmployee@56cdfb3b]" started-at="2022-12-16T09:39:57 IST" name="launchBrowser" finished-at="2022-12-16T09:40:00 IST" duration-ms="2158" status="PASS">
          <reporter-output>
          </reporter-output>
        </test-method> <!-- launchBrowser -->
        <test-method is-config="true" signature="loginActions()[pri:0, instance:com.hrm.hrOfficer.HrOfficerAddEmployee@56cdfb3b]" started-at="2022-12-16T09:40:00 IST" name="loginActions" finished-at="2022-12-16T09:40:00 IST" duration-ms="873" status="PASS">
          <reporter-output>
          </reporter-output>
        </test-method> <!-- loginActions -->
        <test-method signature="addEmplyeeTest()[pri:0, instance:com.hrm.hrOfficer.HrOfficerAddEmployee@56cdfb3b]" started-at="2022-12-16T09:40:00 IST" name="addEmplyeeTest" finished-at="2022-12-16T09:40:04 IST" duration-ms="3282" status="PASS">
          <reporter-output>
          </reporter-output>
        </test-method> <!-- addEmplyeeTest -->
        <test-method is-config="true" signature="logoutActionfromApp()[pri:0, instance:com.hrm.hrOfficer.HrOfficerAddEmployee@56cdfb3b]" started-at="2022-12-16T09:40:04 IST" name="logoutActionfromApp" finished-at="2022-12-16T09:40:04 IST" duration-ms="610" status="PASS">
          <reporter-output>
          </reporter-output>
        </test-method> <!-- logoutActionfromApp -->
        <test-method is-config="true" signature="closeApplcation()[pri:0, instance:com.hrm.hrOfficer.HrOfficerAddEmployee@56cdfb3b]" started-at="2022-12-16T09:40:04 IST" name="closeApplcation" finished-at="2022-12-16T09:40:05 IST" duration-ms="184" status="PASS">
          <reporter-output>
          </reporter-output>
        </test-method> <!-- closeApplcation -->
      </class> <!-- com.hrm.hrOfficer.HrOfficerAddEmployee -->
    </test> <!-- Default test -->
  </suite> <!-- Default suite -->
</testng-results>
