<?xml version="1.0" encoding="UTF-8"?>
<testng-results ignored="0" total="1" passed="0" failed="1" skipped="0">
  <reporter-output>
  </reporter-output>
  <suite started-at="2022-12-19T11:06:53 IST" name="Default suite" finished-at="2022-12-19T11:07:03 IST" duration-ms="9711">
    <groups>
    </groups>
    <test started-at="2022-12-19T11:06:53 IST" name="Default test" finished-at="2022-12-19T11:07:03 IST" duration-ms="9711">
      <class name="com.hrm.hrHead.CreateAndValidateCorporatesTest">
        <test-method is-config="true" signature="launchBrowser()[pri:0, instance:com.hrm.hrHead.CreateAndValidateCorporatesTest@56cdfb3b]" started-at="2022-12-19T11:06:53 IST" name="launchBrowser" finished-at="2022-12-19T11:06:55 IST" duration-ms="2300" status="PASS">
          <reporter-output>
          </reporter-output>
        </test-method> <!-- launchBrowser -->
        <test-method is-config="true" signature="loginActions()[pri:0, instance:com.hrm.hrHead.CreateAndValidateCorporatesTest@56cdfb3b]" started-at="2022-12-19T11:06:55 IST" name="loginActions" finished-at="2022-12-19T11:06:56 IST" duration-ms="918" status="PASS">
          <reporter-output>
          </reporter-output>
        </test-method> <!-- loginActions -->
        <test-method signature="addCorporates()[pri:0, instance:com.hrm.hrHead.CreateAndValidateCorporatesTest@56cdfb3b]" started-at="2022-12-19T11:06:56 IST" name="addCorporates" finished-at="2022-12-19T11:07:02 IST" duration-ms="5732" status="FAIL">
          <exception class="java.lang.AssertionError">
            <message>
              <![CDATA[expected [Test Management458] but found []]]>
            </message>
            <full-stacktrace>
              <![CDATA[java.lang.AssertionError: expected [Test Management458] but found []
at org.testng.Assert.fail(Assert.java:99)
at org.testng.Assert.failNotEquals(Assert.java:1037)
at org.testng.Assert.assertEqualsImpl(Assert.java:140)
at org.testng.Assert.assertEquals(Assert.java:122)
at org.testng.Assert.assertEquals(Assert.java:629)
at org.testng.Assert.assertEquals(Assert.java:639)
at com.hrm.hrHead.CreateAndValidateCorporatesTest.addCorporates(CreateAndValidateCorporatesTest.java:57)
at java.base/jdk.internal.reflect.NativeMethodAccessorImpl.invoke0(Native Method)
at java.base/jdk.internal.reflect.NativeMethodAccessorImpl.invoke(NativeMethodAccessorImpl.java:77)
at java.base/jdk.internal.reflect.DelegatingMethodAccessorImpl.invoke(DelegatingMethodAccessorImpl.java:43)
at java.base/java.lang.reflect.Method.invoke(Method.java:568)
at org.testng.internal.MethodInvocationHelper.invokeMethod(MethodInvocationHelper.java:133)
at org.testng.internal.TestInvoker.invokeMethod(TestInvoker.java:598)
at org.testng.internal.TestInvoker.invokeTestMethod(TestInvoker.java:173)
at org.testng.internal.MethodRunner.runInSequence(MethodRunner.java:46)
at org.testng.internal.TestInvoker$MethodInvocationAgent.invoke(TestInvoker.java:824)
at org.testng.internal.TestInvoker.invokeTestMethods(TestInvoker.java:146)
at org.testng.internal.TestMethodWorker.invokeTestMethods(TestMethodWorker.java:146)
at org.testng.internal.TestMethodWorker.run(TestMethodWorker.java:128)
at java.base/java.util.ArrayList.forEach(ArrayList.java:1511)
at org.testng.TestRunner.privateRun(TestRunner.java:794)
at org.testng.TestRunner.run(TestRunner.java:596)
at org.testng.SuiteRunner.runTest(SuiteRunner.java:377)
at org.testng.SuiteRunner.runSequentially(SuiteRunner.java:371)
at org.testng.SuiteRunner.privateRun(SuiteRunner.java:332)
at org.testng.SuiteRunner.run(SuiteRunner.java:276)
at org.testng.SuiteRunnerWorker.runSuite(SuiteRunnerWorker.java:53)
at org.testng.SuiteRunnerWorker.run(SuiteRunnerWorker.java:96)
at org.testng.TestNG.runSuitesSequentially(TestNG.java:1212)
at org.testng.TestNG.runSuitesLocally(TestNG.java:1134)
at org.testng.TestNG.runSuites(TestNG.java:1063)
at org.testng.TestNG.run(TestNG.java:1031)
at org.testng.remote.AbstractRemoteTestNG.run(AbstractRemoteTestNG.java:115)
at org.testng.remote.RemoteTestNG.initAndRun(RemoteTestNG.java:251)
at org.testng.remote.RemoteTestNG.main(RemoteTestNG.java:77)
]]>
            </full-stacktrace>
          </exception> <!-- java.lang.AssertionError -->
          <reporter-output>
          </reporter-output>
        </test-method> <!-- addCorporates -->
        <test-method is-config="true" signature="logoutActionfromApp()[pri:0, instance:com.hrm.hrHead.CreateAndValidateCorporatesTest@56cdfb3b]" started-at="2022-12-19T11:07:02 IST" name="logoutActionfromApp" finished-at="2022-12-19T11:07:02 IST" duration-ms="41" status="PASS">
          <reporter-output>
          </reporter-output>
        </test-method> <!-- logoutActionfromApp -->
        <test-method is-config="true" signature="closeApplcation()[pri:0, instance:com.hrm.hrHead.CreateAndValidateCorporatesTest@56cdfb3b]" started-at="2022-12-19T11:07:02 IST" name="closeApplcation" finished-at="2022-12-19T11:07:03 IST" duration-ms="236" status="PASS">
          <reporter-output>
          </reporter-output>
        </test-method> <!-- closeApplcation -->
      </class> <!-- com.hrm.hrHead.CreateAndValidateCorporatesTest -->
    </test> <!-- Default test -->
  </suite> <!-- Default suite -->
</testng-results>
